<?xml version="1.0" encoding="UTF-8"?>
<!-- Generated by org.testng.reporters.JUnitReportReporter -->
<testsuite hostname="LAPTOP-NMT7PGGN" failures="0" tests="1" name="swagLabs.SwagLabsSinglePage" time="3.836" errors="0" timestamp="2025-05-24T02:13:21 IST" skipped="0">
  <testcase classname="swagLabs.SwagLabsSinglePage" name="swagLabsSinglePage" time="3.836"/>
  <system-out/>
</testsuite> <!-- swagLabs.SwagLabsSinglePage -->
