<?xml version="1.0" encoding="UTF-8"?>
<!-- Generated by org.testng.reporters.JUnitReportReporter -->
<testsuite hostname="LAPTOP-NMT7PGGN" failures="0" tests="4" name="youTubeQAFox.MailValidation" time="22.256" errors="0" timestamp="2025-05-22T00:36:21 IST" skipped="0">
  <testcase classname="youTubeQAFox.MailValidation" name="mailValidation" time="6.375"/>
  <system-out/>
  <testcase classname="youTubeQAFox.MailValidation" name="mailValidation" time="5.204"/>
  <system-out/>
  <testcase classname="youTubeQAFox.MailValidation" name="mailValidation" time="5.461"/>
  <system-out/>
  <testcase classname="youTubeQAFox.MailValidation" name="mailValidation" time="5.216"/>
  <system-out/>
</testsuite> <!-- youTubeQAFox.MailValidation -->
