<?xml version="1.0" encoding="UTF-8"?>
<!-- Generated by org.testng.reporters.JUnitReportReporter -->
<testsuite hostname="LAPTOP-NMT7PGGN" failures="0" tests="6" name="swagLabs.SwagLabsValidation" time="43.050" errors="0" timestamp="2025-05-25T15:22:57 IST" skipped="0">
  <testcase classname="swagLabs.SwagLabsValidation" name="firstNameValidation" time="10.312"/>
  <system-out/>
  <testcase classname="swagLabs.SwagLabsValidation" name="invalidUserNameAndPaswordValidaiton" time="4.547"/>
  <system-out/>
  <testcase classname="swagLabs.SwagLabsValidation" name="LastNameValidation" time="10.804"/>
  <system-out/>
  <testcase classname="swagLabs.SwagLabsValidation" name="passwordValidation" time="2.730"/>
  <system-out/>
  <testcase classname="swagLabs.SwagLabsValidation" name="pinCodeValidation" time="11.427"/>
  <system-out/>
  <testcase classname="swagLabs.SwagLabsValidation" name="userNameValidation" time="3.230"/>
  <system-out/>
</testsuite> <!-- swagLabs.SwagLabsValidation -->
