<?xml version="1.0" encoding="UTF-8"?>
<!-- Generated by org.testng.reporters.JUnitReportReporter -->
<testsuite hostname="LAPTOP-NMT7PGGN" failures="0" tests="1" name="swagLabs.LaunchAndClose" time="0.011" errors="0" timestamp="2025-05-24T14:34:46 IST" skipped="0">
  <testcase classname="swagLabs.LaunchAndClose" name="launchApplication" time="0.011"/>
  <system-out/>
</testsuite> <!-- swagLabs.LaunchAndClose -->
