<?xml version="1.0" encoding="UTF-8"?>
<!-- Generated by org.testng.reporters.JUnitReportReporter -->
<testsuite hostname="LAPTOP-NMT7PGGN" failures="0" tests="1" name="youTubeQAFox.InvalidEmailValidation" time="6.705" errors="0" timestamp="2025-05-22T00:04:11 IST" skipped="0">
  <testcase classname="youTubeQAFox.InvalidEmailValidation" name="invalidEmailValidation" time="6.705"/>
  <system-out/>
</testsuite> <!-- youTubeQAFox.InvalidEmailValidation -->
