<?xml version="1.0" encoding="UTF-8"?>
<!-- Generated by org.testng.reporters.JUnitReportReporter -->
<testsuite hostname="LAPTOP-NMT7PGGN" failures="0" tests="1" name="youTubeQAFox.RegisterAccount" time="8.279" errors="0" timestamp="2025-05-18T21:49:09 IST" skipped="0">
  <testcase classname="youTubeQAFox.RegisterAccount" name="registerAccount" time="8.279"/>
  <system-out/>
</testsuite> <!-- youTubeQAFox.RegisterAccount -->
