<?xml version="1.0" encoding="UTF-8"?>
<!-- Generated by org.testng.reporters.JUnitReportReporter -->
<testsuite hostname="LAPTOP-NMT7PGGN" failures="0" tests="2" name="katalon.KatalonPOM" time="28.529" errors="0" timestamp="2025-05-18T18:43:13 IST" skipped="0">
  <testcase classname="katalon.KatalonPOM" name="addAppointment" time="16.136"/>
  <system-out/>
  <testcase classname="katalon.KatalonPOM" name="invalidLogin" time="12.393"/>
  <system-out/>
</testsuite> <!-- katalon.KatalonPOM -->
