<?xml version="1.0" encoding="UTF-8"?>
<!-- Generated by org.testng.reporters.JUnitReportReporter -->
<testsuite hostname="LAPTOP-NMT7PGGN" failures="0" tests="2" name="katalon.KatalonSinglePage" time="22.041" errors="0" timestamp="2025-05-18T12:51:22 IST" skipped="0">
  <testcase classname="katalon.KatalonSinglePage" name="invalidLogin" time="8.024"/>
  <system-out/>
  <testcase classname="katalon.KatalonSinglePage" name="singlePageKatalon" time="14.017"/>
  <system-out/>
</testsuite> <!-- katalon.KatalonSinglePage -->
