<?xml version="1.0" encoding="UTF-8"?>
<!-- Generated by org.testng.reporters.JUnitReportReporter -->
<testsuite hostname="LAPTOP-NMT7PGGN" failures="0" tests="1" name="youTubeQAFox.RegisterWithDetails" time="4.206" errors="0" timestamp="2025-05-20T00:11:22 IST" skipped="0">
  <testcase classname="youTubeQAFox.RegisterWithDetails" name="registerWithAllDetails" time="4.206"/>
  <system-out/>
</testsuite> <!-- youTubeQAFox.RegisterWithDetails -->
