<?xml version="1.0" encoding="UTF-8"?>
<!-- Generated by org.testng.reporters.JUnitReportReporter -->
<testsuite hostname="LAPTOP-NMT7PGGN" failures="0" tests="8" name="orangeHrm.AdminPageTestCases" time="19.442" errors="0" timestamp="2025-06-22T15:39:39 IST" skipped="7">
  <testcase classname="orangeHrm.AdminPageTestCases" name="createUser" time="19.442"/>
  <system-out/>
  <testcase classname="orangeHrm.AdminPageTestCases" name="searchByUsername">
    <skipped/>
  </testcase> <!-- searchByUsername -->
  <system-out/>
  <testcase classname="orangeHrm.AdminPageTestCases" name="searchByStatus">
    <skipped/>
  </testcase> <!-- searchByStatus -->
  <system-out/>
  <testcase classname="orangeHrm.AdminPageTestCases" name="searchByUserRole">
    <skipped/>
  </testcase> <!-- searchByUserRole -->
  <system-out/>
  <testcase classname="orangeHrm.AdminPageTestCases" name="searchByEmployeeName">
    <skipped/>
  </testcase> <!-- searchByEmployeeName -->
  <system-out/>
  <testcase classname="orangeHrm.AdminPageTestCases" name="changePassword">
    <skipped/>
  </testcase> <!-- changePassword -->
  <system-out/>
  <testcase classname="orangeHrm.AdminPageTestCases" name="editUser">
    <skipped/>
  </testcase> <!-- editUser -->
  <system-out/>
  <testcase classname="orangeHrm.AdminPageTestCases" name="adminUserManagementUserRecords">
    <skipped/>
  </testcase> <!-- adminUserManagementUserRecords -->
  <system-out/>
</testsuite> <!-- orangeHrm.AdminPageTestCases -->
