<?xml version="1.0" encoding="UTF-8"?>
<!-- Generated by org.testng.reporters.JUnitReportReporter -->
<testsuite hostname="LAPTOP-NMT7PGGN" failures="0" tests="1" name="youTubeQAFox.NavigatingToRegisterAccount" time="12.554" errors="0" timestamp="2025-05-21T01:04:39 IST" skipped="0">
  <testcase classname="youTubeQAFox.NavigatingToRegisterAccount" name="navigating" time="12.554"/>
  <system-out/>
</testsuite> <!-- youTubeQAFox.NavigatingToRegisterAccount -->
