<?xml version="1.0" encoding="UTF-8"?>
<!-- Generated by org.testng.reporters.JUnitReportReporter -->
<testsuite hostname="LAPTOP-NMT7PGGN" failures="0" tests="1" name="youTubeQAFox.NewsLetterRadioButton" time="4.205" errors="0" timestamp="2025-05-21T00:48:03 IST" skipped="0">
  <testcase classname="youTubeQAFox.NewsLetterRadioButton" name="newsLetterRadioButton" time="4.205"/>
  <system-out/>
</testsuite> <!-- youTubeQAFox.NewsLetterRadioButton -->
