<?xml version="1.0" encoding="UTF-8"?>
<!-- Generated by org.testng.reporters.JUnitReportReporter -->
<testsuite hostname="LAPTOP-NMT7PGGN" failures="0" tests="5" name="orangeHrm.LoginPageTestCases" time="28.550" errors="0" timestamp="2025-06-01T01:11:01 IST" skipped="0">
  <testcase classname="orangeHrm.LoginPageTestCases" name="usernameValidation" time="6.918"/>
  <system-out/>
  <testcase classname="orangeHrm.LoginPageTestCases" name="bothUsernameAndValidation" time="6.197"/>
  <system-out/>
  <testcase classname="orangeHrm.LoginPageTestCases" name="login" time="5.606"/>
  <system-out/>
  <testcase classname="orangeHrm.LoginPageTestCases" name="invalidLogin" time="5.600"/>
  <system-out/>
  <testcase classname="orangeHrm.LoginPageTestCases" name="passwordValidation" time="4.229"/>
  <system-out/>
</testsuite> <!-- orangeHrm.LoginPageTestCases -->
