<?xml version="1.0" encoding="UTF-8"?>
<!-- Generated by org.testng.reporters.JUnitReportReporter -->
<testsuite hostname="LAPTOP-NMT7PGGN" failures="0" tests="1" name="youTubeQAFox.SamePasswordValidation" time="4.673" errors="0" timestamp="2025-05-21T22:08:37 IST" skipped="0">
  <testcase classname="youTubeQAFox.SamePasswordValidation" name="passwordValidation" time="4.673"/>
  <system-out/>
</testsuite> <!-- youTubeQAFox.SamePasswordValidation -->
