<?xml version="1.0" encoding="UTF-8"?>
<!-- Generated by org.testng.reporters.JUnitReportReporter -->
<testsuite hostname="LAPTOP-NMT7PGGN" failures="0" tests="10" name="orangeHrm.AdminPageFiltrationTestCases" time="368.792" errors="0" timestamp="2025-06-23T23:23:55 IST" skipped="1">
  <testcase classname="orangeHrm.AdminPageFiltrationTestCases" name="searchByEmployeeName" time="78.349"/>
  <system-out/>
  <testcase classname="orangeHrm.AdminPageFiltrationTestCases" name="searchByUserRole" time="9.857"/>
  <system-out/>
  <testcase classname="orangeHrm.AdminPageFiltrationTestCases" name="searchByUsername" time="9.198"/>
  <system-out/>
  <testcase classname="orangeHrm.AdminPageFiltrationTestCases" name="adminUserManagementUserRecords" time="10.702"/>
  <system-out/>
  <testcase classname="orangeHrm.AdminPageFiltrationTestCases" name="searchByUsername" time="8.583"/>
  <system-out/>
  <testcase classname="orangeHrm.AdminPageFiltrationTestCases" name="searchByEmployeeName" time="75.889"/>
  <system-out/>
  <testcase classname="orangeHrm.AdminPageFiltrationTestCases" name="searchByEmployeeName" time="83.069"/>
  <system-out/>
  <testcase classname="orangeHrm.AdminPageFiltrationTestCases" name="searchByEmployeeName" time="83.284"/>
  <system-out/>
  <testcase classname="orangeHrm.AdminPageFiltrationTestCases" name="searchByUsername" time="9.861"/>
  <system-out/>
  <testcase classname="orangeHrm.AdminPageFiltrationTestCases" name="searchByStatus">
    <skipped/>
  </testcase> <!-- searchByStatus -->
  <system-out/>
</testsuite> <!-- orangeHrm.AdminPageFiltrationTestCases -->
