<?xml version="1.0" encoding="UTF-8"?>
<!-- Generated by org.testng.reporters.JUnitReportReporter -->
<testsuite hostname="LAPTOP-NMT7PGGN" failures="0" tests="2" name="swagLabs.SwagLabsPOM" time="13.716" errors="0" timestamp="2025-05-25T15:22:57 IST" skipped="0">
  <testcase classname="swagLabs.SwagLabsPOM" name="swagLabsMultipleProducts" time="7.112"/>
  <system-out/>
  <testcase classname="swagLabs.SwagLabsPOM" name="swagLabsAddToCart" time="6.604"/>
  <system-out/>
</testsuite> <!-- swagLabs.SwagLabsPOM -->
