<?xml version="1.0" encoding="UTF-8"?>
<!-- Generated by org.testng.reporters.JUnitReportReporter -->
<testsuite hostname="LAPTOP-NMT7PGGN" failures="0" tests="5" name="orangeHrm.LoginPageTestCases" time="27.820" errors="0" timestamp="2025-06-20T22:05:31 IST" skipped="0">
  <testcase classname="orangeHrm.LoginPageTestCases" name="bothUsernameAndValidation" time="4.461"/>
  <testcase classname="orangeHrm.LoginPageTestCases" name="login" time="6.531"/>
  <testcase classname="orangeHrm.LoginPageTestCases" name="usernameValidation" time="6.021"/>
  <testcase classname="orangeHrm.LoginPageTestCases" name="invalidLogin" time="6.152"/>
  <testcase classname="orangeHrm.LoginPageTestCases" name="passwordValidation" time="4.655"/>
</testsuite> <!-- orangeHrm.LoginPageTestCases -->
